<?xml version="1.0" encoding="UTF-8"?>
<!-- Generated by org.testng.reporters.JUnitReportReporter -->
<testsuite hostname="LAPTOP-0K684P64" failures="0" tests="2" name="com.genie.qa.testcases.LoginPageTest" time="9.811" errors="0" timestamp="2021-09-29T11:57:41 EDT" skipped="0">
  <testcase classname="com.genie.qa.testcases.LoginPageTest" name="LoginTest" time="5.186"/>
  <system-out/>
  <testcase classname="com.genie.qa.testcases.LoginPageTest" name="LoginPageTitletest" time="4.625"/>
  <system-out/>
</testsuite> <!-- com.genie.qa.testcases.LoginPageTest -->
