<?xml version="1.0" encoding="UTF-8"?>
<!-- Generated by org.testng.reporters.JUnitReportReporter -->
<testsuite hostname="LAPTOP-0K684P64" failures="0" tests="2" name="com.genie.qa.testcases.LoginPageTest" time="7.705" errors="0" timestamp="29 Sep 2021 18:19:43 GMT" skipped="0">
  <testcase classname="com.genie.qa.testcases.LoginPageTest" name="LoginTest" time="4.834"/>
  <testcase classname="com.genie.qa.testcases.LoginPageTest" name="LoginPageTitletest" time="2.871"/>
</testsuite> <!-- com.genie.qa.testcases.LoginPageTest -->
